<?xml version="1.0" encoding="UTF-8"?>
<!-- Generated by org.testng.reporters.JUnitXMLReporter -->
<testsuite ignored="0" hostname="DESKTOP-6PLOTRS" failures="0" tests="5" name="smoke" time="67.787" errors="0" timestamp="2025-09-19T23:45:17 IST">
  <testcase classname="tests.smoke" name="browserlaunch" time="52.193"/>
  <testcase classname="practice.HttpRequest" name="getUser" time="7.77"/>
  <testcase classname="practice.HttpRequest" name="createUser" time="5.391"/>
  <testcase classname="practice.HttpRequest" name="updateUser" time="0.91"/>
  <testcase classname="practice.HttpRequest" name="deleteUser" time="0.392"/>
</testsuite> <!-- smoke -->
