<?xml version="1.0" encoding="UTF-8"?>
<testsuite xmlns:xsi="http://www.w3.org/2001/XMLSchema-instance" xsi:noNamespaceSchemaLocation="https://maven.apache.org/surefire/maven-surefire-plugin/xsd/surefire-test-report.xsd" version="3.0.2" name="TestSuite" time="78.027" tests="5" errors="0" skipped="0" failures="0">
  <properties>
[...]
</properties>
  <testcase name="browserlaunch" classname="tests.smoke" time="52.588">
    <system-err><![CDATA[SLF4J: Failed to load class "org.slf4j.impl.StaticLoggerBinder".
SLF4J: Defaulting to no-operation (NOP) logger implementation
SLF4J: See http://www.slf4j.org/codes.html#StaticLoggerBinder for further details.
Sept 19, 2025 11:44:39 PM org.openqa.selenium.devtools.CdpVersionFinder findNearestMatch
WARNING: Unable to find CDP implementation matching 140
Sept 19, 2025 11:44:39 PM org.openqa.selenium.chromium.ChromiumDriver lambda$new$4
WARNING: Unable to find version of CDP to use for 140.0.7339.128. You may need to include a dependency on a specific version of the CDP using something similar to `org.seleniumhq.selenium:selenium-devtools-v86:4.28.1` where the version ("v86") matches the version of the chromium-based browser you're using and the version number of the artifact is the same as Selenium's.
]]></system-err>
  </testcase>
  <testcase name="getUser" classname="practice.HttpRequest" time="7.903">
    <system-out><![CDATA[HTTP/1.1 200 OK
Date: Fri, 19 Sep 2025 18:15:10 GMT
Content-Type: application/json; charset=utf-8
Transfer-Encoding: chunked
Connection: keep-alive
Access-Control-Allow-Credentials: true
Access-Control-Allow-Headers: Origin, X-Requested-With, Content-Type, Accept, Authorization, x-api-key
Access-Control-Allow-Methods: GET, POST, PUT, DELETE, OPTIONS
Access-Control-Allow-Origin: http://localhost:5173
Etag: W/"41e-bY3U72nulxuwNd/TmihMEHjLmek"
Nel: {"report_to":"heroku-nel","response_headers":["Via"],"max_age":3600,"success_fraction":0.01,"failure_fraction":0.1}
Ratelimit-Limit: 100
Ratelimit-Policy: 100;w=60
Ratelimit-Remaining: 98
Ratelimit-Reset: 60
Referrer-Policy: strict-origin-when-cross-origin
Report-To: {"group":"heroku-nel","endpoints":[{"url":"https://nel.heroku.com/reports?s=vC8GNzQxuPrwC9aM5fvaTqRzZb%2F1CeoCHQKSTW%2Be5Jg%3D\u0026sid=c4c9725f-1ab0-44d8-820f-430df2718e11\u0026ts=1758305710"}],"max_age":3600}
Reporting-Endpoints: heroku-nel="https://nel.heroku.com/reports?s=vC8GNzQxuPrwC9aM5fvaTqRzZb%2F1CeoCHQKSTW%2Be5Jg%3D&sid=c4c9725f-1ab0-44d8-820f-430df2718e11&ts=1758305710"
Server: cloudflare
Vary: Origin, accept-encoding
Via: 1.1 heroku-router
X-Content-Type-Options: nosniff
X-Frame-Options: DENY
X-Request-Id: 8ac31000-c79c-f4ea-1838-cb480138aa1f
X-Xss-Protection: 1; mode=block
Cache-Control: max-age=14400
cf-cache-status: MISS
Content-Encoding: gzip
CF-RAY: 981b11202a8fb2b5-BLR

{
    "page": 1,
    "per_page": 6,
    "total": 12,
    "total_pages": 2,
    "data": [
        {
            "id": 1,
            "email": "george.bluth@reqres.in",
            "first_name": "George",
            "last_name": "Bluth",
            "avatar": "https://reqres.in/img/faces/1-image.jpg"
        },
        {
            "id": 2,
            "email": "janet.weaver@reqres.in",
            "first_name": "Janet",
            "last_name": "Weaver",
            "avatar": "https://reqres.in/img/faces/2-image.jpg"
        },
        {
            "id": 3,
            "email": "emma.wong@reqres.in",
            "first_name": "Emma",
            "last_name": "Wong",
            "avatar": "https://reqres.in/img/faces/3-image.jpg"
        },
        {
            "id": 4,
            "email": "eve.holt@reqres.in",
            "first_name": "Eve",
            "last_name": "Holt",
            "avatar": "https://reqres.in/img/faces/4-image.jpg"
        },
        {
            "id": 5,
            "email": "charles.morris@reqres.in",
            "first_name": "Charles",
            "last_name": "Morris",
            "avatar": "https://reqres.in/img/faces/5-image.jpg"
        },
        {
            "id": 6,
            "email": "tracey.ramos@reqres.in",
            "first_name": "Tracey",
            "last_name": "Ramos",
            "avatar": "https://reqres.in/img/faces/6-image.jpg"
        }
    ],
    "support": {
        "url": "https://contentcaddy.io?utm_source=reqres&utm_medium=json&utm_campaign=referral",
        "text": "Tired of writing endless social media content? Let Content Caddy generate it for you."
    }
}
]]></system-out>
  </testcase>
  <testcase name="createUser" classname="practice.HttpRequest" time="5.333"/>
  <testcase name="updateUser" classname="practice.HttpRequest" time="0.977">
    <system-out><![CDATA[HTTP/1.1 200 OK
Date: Fri, 19 Sep 2025 18:15:17 GMT
Content-Type: application/json; charset=utf-8
Transfer-Encoding: chunked
Connection: keep-alive
Access-Control-Allow-Credentials: true
Access-Control-Allow-Headers: Origin, X-Requested-With, Content-Type, Accept, Authorization, x-api-key
Access-Control-Allow-Methods: GET, POST, PUT, DELETE, OPTIONS
Access-Control-Allow-Origin: http://localhost:5173
Etag: W/"4c-u/Cf918IK47PQuRwf3nz6EX4qz8"
Nel: {"report_to":"heroku-nel","response_headers":["Via"],"max_age":3600,"success_fraction":0.01,"failure_fraction":0.1}
Ratelimit-Limit: 100
Ratelimit-Policy: 100;w=60
Ratelimit-Remaining: 94
Ratelimit-Reset: 54
Referrer-Policy: strict-origin-when-cross-origin
Report-To: {"group":"heroku-nel","endpoints":[{"url":"https://nel.heroku.com/reports?s=N5Jbl3TVPIyW81yGdQ7GeG7Zoqbhx1pwo3qM0QNbxsQ%3D\u0026sid=c4c9725f-1ab0-44d8-820f-430df2718e11\u0026ts=1758305717"}],"max_age":3600}
Reporting-Endpoints: heroku-nel="https://nel.heroku.com/reports?s=N5Jbl3TVPIyW81yGdQ7GeG7Zoqbhx1pwo3qM0QNbxsQ%3D&sid=c4c9725f-1ab0-44d8-820f-430df2718e11&ts=1758305717"
Server: cloudflare
Vary: Origin, accept-encoding
Via: 1.1 heroku-router
X-Content-Type-Options: nosniff
X-Frame-Options: DENY
X-Request-Id: 59b64a86-faef-9f0f-a6b1-414d73e70241
X-Xss-Protection: 1; mode=block
cf-cache-status: DYNAMIC
Content-Encoding: gzip
CF-RAY: 981b11482f56b2c1-BLR

{
    "name": "Behera",
    "job": "QA engineer",
    "updatedAt": "2025-09-19T18:15:17.059Z"
}
]]></system-out>
  </testcase>
  <testcase name="deleteUser" classname="practice.HttpRequest" time="0.354">
    <system-out><![CDATA[HTTP/1.1 204 No Content
Date: Fri, 19 Sep 2025 18:15:17 GMT
Connection: keep-alive
Access-Control-Allow-Credentials: true
Access-Control-Allow-Headers: Origin, X-Requested-With, Content-Type, Accept, Authorization, x-api-key
Access-Control-Allow-Methods: GET, POST, PUT, DELETE, OPTIONS
Access-Control-Allow-Origin: http://localhost:5173
Etag: W/"2-vyGp6PvFo4RvsFtPoIWeCReyIC8"
Nel: {"report_to":"heroku-nel","response_headers":["Via"],"max_age":3600,"success_fraction":0.01,"failure_fraction":0.1}
Ratelimit-Limit: 100
Ratelimit-Policy: 100;w=60
Ratelimit-Remaining: 92
Ratelimit-Reset: 53
Referrer-Policy: strict-origin-when-cross-origin
Report-To: {"group":"heroku-nel","endpoints":[{"url":"https://nel.heroku.com/reports?s=N5Jbl3TVPIyW81yGdQ7GeG7Zoqbhx1pwo3qM0QNbxsQ%3D\u0026sid=c4c9725f-1ab0-44d8-820f-430df2718e11\u0026ts=1758305717"}],"max_age":3600}
Reporting-Endpoints: heroku-nel="https://nel.heroku.com/reports?s=N5Jbl3TVPIyW81yGdQ7GeG7Zoqbhx1pwo3qM0QNbxsQ%3D&sid=c4c9725f-1ab0-44d8-820f-430df2718e11&ts=1758305717"
Server: cloudflare
Vary: Origin
Via: 1.1 heroku-router
X-Content-Type-Options: nosniff
X-Frame-Options: DENY
X-Request-Id: 0fbe422f-1c43-23ad-9cf9-9a74cba1c56e
X-Xss-Protection: 1; mode=block
cf-cache-status: DYNAMIC
CF-RAY: 981b114d5d4f3d1f-BLR
]]></system-out>
  </testcase>
</testsuite>