<?xml version="1.0" encoding="UTF-8"?>
<testng-results ignored="0" total="1" passed="1" failed="0" skipped="0">
  <reporter-output>
  </reporter-output>
  <suite started-at="2025-09-17T19:05:26 IST" name="Default suite" finished-at="2025-09-17T19:05:33 IST" duration-ms="7307">
    <groups>
    </groups>
    <test started-at="2025-09-17T19:05:26 IST" name="Default test" finished-at="2025-09-17T19:05:33 IST" duration-ms="7307">
      <class name="practice.parsingJSONResponseData">
        <test-method signature="parseJsonresponse()[pri:0, instance:practice.parsingJSONResponseData@36804139]" started-at="2025-09-17T19:05:26 IST" name="parseJsonresponse" finished-at="2025-09-17T19:05:33 IST" duration-ms="6854" status="PASS">
          <reporter-output>
          </reporter-output>
        </test-method> <!-- parseJsonresponse -->
      </class> <!-- practice.parsingJSONResponseData -->
    </test> <!-- Default test -->
  </suite> <!-- Default suite -->
</testng-results>
